INFO - # ---- Epoch 1/10 ---- #
INFO - [Epoch 1/10] [Batch 1/1258] [D loss: 0.679778] [G loss: -0.618827]
INFO - generated sample images saved to disk
INFO - [Epoch 1/10] [Batch 6/1258] [D loss: 0.658072] [G loss: -0.573977]
INFO - [Epoch 1/10] [Batch 11/1258] [D loss: 0.634821] [G loss: -0.555708]
INFO - [Epoch 1/10] [Batch 16/1258] [D loss: 0.627858] [G loss: -0.537872]
INFO - [Epoch 1/10] [Batch 21/1258] [D loss: 0.638260] [G loss: -0.522028]
INFO - [Epoch 1/10] [Batch 26/1258] [D loss: 0.609157] [G loss: -0.505237]
INFO - [Epoch 1/10] [Batch 31/1258] [D loss: 0.607648] [G loss: -0.493584]
INFO - [Epoch 1/10] [Batch 36/1258] [D loss: 0.597705] [G loss: -0.482199]
INFO - [Epoch 1/10] [Batch 41/1258] [D loss: 0.592523] [G loss: -0.473096]
INFO - [Epoch 1/10] [Batch 46/1258] [D loss: 0.578371] [G loss: -0.462802]
INFO - [Epoch 1/10] [Batch 51/1258] [D loss: 0.573278] [G loss: -0.459625]
INFO - [Epoch 1/10] [Batch 56/1258] [D loss: 0.577974] [G loss: -0.457457]
INFO - [Epoch 1/10] [Batch 61/1258] [D loss: 0.576299] [G loss: -0.454083]
INFO - [Epoch 1/10] [Batch 66/1258] [D loss: 0.528760] [G loss: -0.449040]
INFO - [Epoch 1/10] [Batch 71/1258] [D loss: 0.519331] [G loss: -0.447245]
INFO - [Epoch 1/10] [Batch 76/1258] [D loss: 0.488630] [G loss: -0.445140]
INFO - [Epoch 1/10] [Batch 81/1258] [D loss: 0.470640] [G loss: -0.447278]
INFO - [Epoch 1/10] [Batch 86/1258] [D loss: 0.479375] [G loss: -0.442388]
INFO - [Epoch 1/10] [Batch 91/1258] [D loss: 0.464951] [G loss: -0.437453]
INFO - [Epoch 1/10] [Batch 96/1258] [D loss: 0.473937] [G loss: -0.443704]
INFO - [Epoch 1/10] [Batch 101/1258] [D loss: 0.432128] [G loss: -0.440615]
INFO - generated sample images saved to disk
INFO - [Epoch 1/10] [Batch 106/1258] [D loss: 0.363257] [G loss: -0.432196]
INFO - [Epoch 1/10] [Batch 111/1258] [D loss: 0.388077] [G loss: -0.438206]
INFO - [Epoch 1/10] [Batch 116/1258] [D loss: 0.320524] [G loss: -0.408301]
INFO - [Epoch 1/10] [Batch 121/1258] [D loss: 0.294737] [G loss: -0.414620]
INFO - [Epoch 1/10] [Batch 126/1258] [D loss: 0.263125] [G loss: -0.415042]
INFO - [Epoch 1/10] [Batch 131/1258] [D loss: 0.202087] [G loss: -0.384797]
INFO - [Epoch 1/10] [Batch 136/1258] [D loss: 0.237835] [G loss: -0.416981]
INFO - [Epoch 1/10] [Batch 141/1258] [D loss: 0.180127] [G loss: -0.395408]
INFO - [Epoch 1/10] [Batch 146/1258] [D loss: 0.267324] [G loss: -0.400779]
INFO - [Epoch 1/10] [Batch 151/1258] [D loss: 0.096912] [G loss: -0.368438]
INFO - [Epoch 1/10] [Batch 156/1258] [D loss: 0.055540] [G loss: -0.355242]
INFO - [Epoch 1/10] [Batch 161/1258] [D loss: 0.049887] [G loss: -0.367443]
INFO - [Epoch 1/10] [Batch 166/1258] [D loss: 0.122685] [G loss: -0.380049]
INFO - [Epoch 1/10] [Batch 171/1258] [D loss: -0.030039] [G loss: -0.363761]
INFO - [Epoch 1/10] [Batch 176/1258] [D loss: -0.084071] [G loss: -0.350368]
INFO - [Epoch 1/10] [Batch 181/1258] [D loss: -0.028766] [G loss: -0.330504]
INFO - [Epoch 1/10] [Batch 186/1258] [D loss: -0.099547] [G loss: -0.344903]
INFO - [Epoch 1/10] [Batch 191/1258] [D loss: -0.199122] [G loss: -0.285689]
INFO - [Epoch 1/10] [Batch 196/1258] [D loss: -0.086222] [G loss: -0.353766]
INFO - [Epoch 1/10] [Batch 201/1258] [D loss: -0.135492] [G loss: -0.348230]
INFO - generated sample images saved to disk
INFO - [Epoch 1/10] [Batch 206/1258] [D loss: -0.284155] [G loss: -0.281348]
INFO - [Epoch 1/10] [Batch 211/1258] [D loss: -0.164376] [G loss: -0.351480]
INFO - [Epoch 1/10] [Batch 216/1258] [D loss: -0.243049] [G loss: -0.331660]
INFO - [Epoch 1/10] [Batch 221/1258] [D loss: -0.349308] [G loss: -0.268878]
INFO - [Epoch 1/10] [Batch 226/1258] [D loss: -0.330659] [G loss: -0.283774]
INFO - [Epoch 1/10] [Batch 231/1258] [D loss: -0.386247] [G loss: -0.256212]
INFO - [Epoch 1/10] [Batch 236/1258] [D loss: -0.402334] [G loss: -0.304172]
INFO - [Epoch 1/10] [Batch 241/1258] [D loss: -0.515389] [G loss: -0.220554]
INFO - [Epoch 1/10] [Batch 246/1258] [D loss: -0.462202] [G loss: -0.276877]
INFO - [Epoch 1/10] [Batch 251/1258] [D loss: -0.555098] [G loss: -0.210399]
INFO - [Epoch 1/10] [Batch 256/1258] [D loss: -0.567535] [G loss: -0.201955]
INFO - [Epoch 1/10] [Batch 261/1258] [D loss: -0.594462] [G loss: -0.190514]
INFO - [Epoch 1/10] [Batch 266/1258] [D loss: -0.596396] [G loss: -0.172505]
INFO - [Epoch 1/10] [Batch 271/1258] [D loss: -0.627762] [G loss: -0.156895]
INFO - [Epoch 1/10] [Batch 276/1258] [D loss: -0.605182] [G loss: -0.189326]
INFO - [Epoch 1/10] [Batch 281/1258] [D loss: -0.578437] [G loss: -0.317105]
INFO - [Epoch 1/10] [Batch 286/1258] [D loss: -0.717525] [G loss: -0.126903]
INFO - [Epoch 1/10] [Batch 291/1258] [D loss: -0.622320] [G loss: -0.152801]
INFO - [Epoch 1/10] [Batch 296/1258] [D loss: -0.532146] [G loss: -0.293145]
INFO - [Epoch 1/10] [Batch 301/1258] [D loss: -0.585324] [G loss: -0.212269]
INFO - generated sample images saved to disk
INFO - [Epoch 1/10] [Batch 306/1258] [D loss: -0.586372] [G loss: -0.153335]
INFO - [Epoch 1/10] [Batch 311/1258] [D loss: -0.527638] [G loss: -0.200016]
INFO - [Epoch 1/10] [Batch 316/1258] [D loss: -0.540766] [G loss: -0.181469]
INFO - [Epoch 1/10] [Batch 321/1258] [D loss: -0.497821] [G loss: -0.240561]
INFO - [Epoch 1/10] [Batch 326/1258] [D loss: -0.651197] [G loss: -0.138895]
INFO - [Epoch 1/10] [Batch 331/1258] [D loss: -0.387127] [G loss: -0.405947]
INFO - [Epoch 1/10] [Batch 336/1258] [D loss: -0.698081] [G loss: -0.101255]
INFO - [Epoch 1/10] [Batch 341/1258] [D loss: -0.383807] [G loss: -0.143273]
INFO - [Epoch 1/10] [Batch 346/1258] [D loss: -0.576946] [G loss: -0.192192]
INFO - [Epoch 1/10] [Batch 351/1258] [D loss: -0.697571] [G loss: -0.115904]
INFO - [Epoch 1/10] [Batch 356/1258] [D loss: -0.640565] [G loss: -0.119478]
INFO - [Epoch 1/10] [Batch 361/1258] [D loss: -0.612335] [G loss: -0.176948]
INFO - [Epoch 1/10] [Batch 366/1258] [D loss: -0.696738] [G loss: -0.118466]
INFO - [Epoch 1/10] [Batch 371/1258] [D loss: -0.683133] [G loss: -0.162438]
INFO - [Epoch 1/10] [Batch 376/1258] [D loss: -0.713571] [G loss: -0.111865]
INFO - [Epoch 1/10] [Batch 381/1258] [D loss: -0.715178] [G loss: -0.120634]
INFO - [Epoch 1/10] [Batch 386/1258] [D loss: -0.723841] [G loss: -0.111683]
INFO - [Epoch 1/10] [Batch 391/1258] [D loss: -0.766169] [G loss: -0.119791]
INFO - [Epoch 1/10] [Batch 396/1258] [D loss: -0.754675] [G loss: -0.101607]
INFO - [Epoch 1/10] [Batch 401/1258] [D loss: -0.729373] [G loss: -0.104347]
INFO - generated sample images saved to disk
INFO - [Epoch 1/10] [Batch 406/1258] [D loss: -0.794154] [G loss: -0.087318]
INFO - [Epoch 1/10] [Batch 411/1258] [D loss: -0.765194] [G loss: -0.105777]
INFO - [Epoch 1/10] [Batch 416/1258] [D loss: -0.745381] [G loss: -0.074668]
INFO - [Epoch 1/10] [Batch 421/1258] [D loss: -0.776662] [G loss: -0.064919]
INFO - [Epoch 1/10] [Batch 426/1258] [D loss: -0.775896] [G loss: -0.087916]
INFO - [Epoch 1/10] [Batch 431/1258] [D loss: -0.813100] [G loss: -0.084183]
INFO - [Epoch 1/10] [Batch 436/1258] [D loss: -0.835823] [G loss: -0.056231]
INFO - [Epoch 1/10] [Batch 441/1258] [D loss: -0.788677] [G loss: -0.061603]
INFO - [Epoch 1/10] [Batch 446/1258] [D loss: -0.837982] [G loss: -0.062842]
INFO - [Epoch 1/10] [Batch 451/1258] [D loss: -0.839120] [G loss: -0.043640]
INFO - [Epoch 1/10] [Batch 456/1258] [D loss: -0.846912] [G loss: -0.058460]
INFO - [Epoch 1/10] [Batch 461/1258] [D loss: -0.855991] [G loss: -0.058257]
INFO - [Epoch 1/10] [Batch 466/1258] [D loss: -0.846210] [G loss: -0.103306]
INFO - [Epoch 1/10] [Batch 471/1258] [D loss: -0.901012] [G loss: -0.030090]
INFO - [Epoch 1/10] [Batch 476/1258] [D loss: -0.893618] [G loss: -0.031529]
INFO - [Epoch 1/10] [Batch 481/1258] [D loss: -0.866708] [G loss: -0.036839]
INFO - [Epoch 1/10] [Batch 486/1258] [D loss: -0.884854] [G loss: -0.043262]
INFO - [Epoch 1/10] [Batch 491/1258] [D loss: -0.889588] [G loss: -0.053958]
INFO - [Epoch 1/10] [Batch 496/1258] [D loss: -0.875402] [G loss: -0.034465]
INFO - [Epoch 1/10] [Batch 501/1258] [D loss: -0.893938] [G loss: -0.042071]
INFO - generated sample images saved to disk
INFO - [Epoch 1/10] [Batch 506/1258] [D loss: -0.848188] [G loss: -0.037131]
INFO - [Epoch 1/10] [Batch 511/1258] [D loss: -0.909852] [G loss: -0.034915]
INFO - [Epoch 1/10] [Batch 516/1258] [D loss: -0.890248] [G loss: -0.049575]
INFO - [Epoch 1/10] [Batch 521/1258] [D loss: -0.911738] [G loss: -0.027837]
INFO - [Epoch 1/10] [Batch 526/1258] [D loss: -0.906811] [G loss: -0.032271]
INFO - [Epoch 1/10] [Batch 531/1258] [D loss: -0.895235] [G loss: -0.119235]
INFO - [Epoch 1/10] [Batch 536/1258] [D loss: -0.926572] [G loss: -0.016569]
INFO - [Epoch 1/10] [Batch 541/1258] [D loss: -0.916677] [G loss: -0.019895]
INFO - [Epoch 1/10] [Batch 546/1258] [D loss: -0.904836] [G loss: -0.022431]
INFO - [Epoch 1/10] [Batch 551/1258] [D loss: -0.942325] [G loss: -0.019004]
INFO - [Epoch 1/10] [Batch 556/1258] [D loss: -0.922927] [G loss: -0.023040]
INFO - [Epoch 1/10] [Batch 561/1258] [D loss: -0.926061] [G loss: -0.027835]
INFO - [Epoch 1/10] [Batch 566/1258] [D loss: -0.923319] [G loss: -0.033460]
INFO - [Epoch 1/10] [Batch 571/1258] [D loss: -0.931287] [G loss: -0.023979]
INFO - [Epoch 1/10] [Batch 576/1258] [D loss: -0.778148] [G loss: -0.027192]
INFO - [Epoch 1/10] [Batch 581/1258] [D loss: -0.927607] [G loss: -0.031437]
INFO - [Epoch 1/10] [Batch 586/1258] [D loss: -0.936989] [G loss: -0.025734]
INFO - [Epoch 1/10] [Batch 591/1258] [D loss: -0.892899] [G loss: -0.027828]
INFO - [Epoch 1/10] [Batch 596/1258] [D loss: -0.929452] [G loss: -0.027190]
INFO - [Epoch 1/10] [Batch 601/1258] [D loss: -0.930619] [G loss: -0.025665]
INFO - generated sample images saved to disk
INFO - [Epoch 1/10] [Batch 606/1258] [D loss: -0.894397] [G loss: -0.182228]
INFO - [Epoch 1/10] [Batch 611/1258] [D loss: -0.907064] [G loss: -0.017410]
INFO - [Epoch 1/10] [Batch 616/1258] [D loss: -0.955016] [G loss: -0.013561]
INFO - [Epoch 1/10] [Batch 621/1258] [D loss: -0.951810] [G loss: -0.015192]
INFO - [Epoch 1/10] [Batch 626/1258] [D loss: -0.950068] [G loss: -0.017816]
INFO - [Epoch 1/10] [Batch 631/1258] [D loss: -0.935959] [G loss: -0.018944]
INFO - [Epoch 1/10] [Batch 636/1258] [D loss: -0.931499] [G loss: -0.026133]
INFO - [Epoch 1/10] [Batch 641/1258] [D loss: -0.951092] [G loss: -0.015255]
INFO - [Epoch 1/10] [Batch 646/1258] [D loss: -0.946863] [G loss: -0.019254]
INFO - [Epoch 1/10] [Batch 651/1258] [D loss: -0.936121] [G loss: -0.019206]
INFO - [Epoch 1/10] [Batch 656/1258] [D loss: -0.936892] [G loss: -0.022298]
INFO - [Epoch 1/10] [Batch 661/1258] [D loss: -0.920421] [G loss: -0.020210]
INFO - [Epoch 1/10] [Batch 666/1258] [D loss: -0.516344] [G loss: -0.017271]
INFO - [Epoch 1/10] [Batch 671/1258] [D loss: -0.948687] [G loss: -0.022328]
INFO - [Epoch 1/10] [Batch 676/1258] [D loss: -0.945054] [G loss: -0.020997]
INFO - [Epoch 1/10] [Batch 681/1258] [D loss: -0.927708] [G loss: -0.022356]
INFO - [Epoch 1/10] [Batch 686/1258] [D loss: -0.929358] [G loss: -0.023058]
INFO - [Epoch 1/10] [Batch 691/1258] [D loss: -0.937622] [G loss: -0.022802]
INFO - [Epoch 1/10] [Batch 696/1258] [D loss: -0.939416] [G loss: -0.021081]
INFO - [Epoch 1/10] [Batch 701/1258] [D loss: -0.929587] [G loss: -0.026084]
INFO - generated sample images saved to disk
INFO - [Epoch 1/10] [Batch 706/1258] [D loss: -0.947196] [G loss: -0.014681]
INFO - [Epoch 1/10] [Batch 711/1258] [D loss: -0.921727] [G loss: -0.022400]
INFO - [Epoch 1/10] [Batch 716/1258] [D loss: -0.921508] [G loss: -0.025540]
INFO - [Epoch 1/10] [Batch 721/1258] [D loss: -0.946992] [G loss: -0.019072]
INFO - [Epoch 1/10] [Batch 726/1258] [D loss: -0.951002] [G loss: -0.021683]
INFO - [Epoch 1/10] [Batch 731/1258] [D loss: -0.939195] [G loss: -0.028621]
INFO - [Epoch 1/10] [Batch 736/1258] [D loss: -0.953922] [G loss: -0.015315]
INFO - [Epoch 1/10] [Batch 741/1258] [D loss: -0.938223] [G loss: -0.025659]
INFO - [Epoch 1/10] [Batch 746/1258] [D loss: -0.942579] [G loss: -0.018723]
INFO - [Epoch 1/10] [Batch 751/1258] [D loss: -0.932910] [G loss: -0.022601]
INFO - [Epoch 1/10] [Batch 756/1258] [D loss: -0.950028] [G loss: -0.020928]
INFO - [Epoch 1/10] [Batch 761/1258] [D loss: -0.151426] [G loss: -0.023794]
INFO - [Epoch 1/10] [Batch 766/1258] [D loss: -0.955385] [G loss: -0.015085]
INFO - [Epoch 1/10] [Batch 771/1258] [D loss: -0.925017] [G loss: -0.028054]
INFO - [Epoch 1/10] [Batch 776/1258] [D loss: -0.951000] [G loss: -0.019773]
INFO - [Epoch 1/10] [Batch 781/1258] [D loss: -0.924854] [G loss: -0.021785]
INFO - [Epoch 1/10] [Batch 786/1258] [D loss: -0.938209] [G loss: -0.029559]
INFO - [Epoch 1/10] [Batch 791/1258] [D loss: -0.955810] [G loss: -0.012977]
INFO - [Epoch 1/10] [Batch 796/1258] [D loss: -0.942870] [G loss: -0.041315]
INFO - [Epoch 1/10] [Batch 801/1258] [D loss: -0.950508] [G loss: -0.010002]
INFO - generated sample images saved to disk
INFO - [Epoch 1/10] [Batch 806/1258] [D loss: -0.933613] [G loss: -0.017783]
INFO - [Epoch 1/10] [Batch 811/1258] [D loss: -0.926716] [G loss: -0.030392]
INFO - [Epoch 1/10] [Batch 816/1258] [D loss: -0.937547] [G loss: -0.015988]
INFO - [Epoch 1/10] [Batch 821/1258] [D loss: -0.943520] [G loss: -0.021607]
INFO - [Epoch 1/10] [Batch 826/1258] [D loss: -0.870316] [G loss: -0.129698]
INFO - [Epoch 1/10] [Batch 831/1258] [D loss: -0.964366] [G loss: -0.008302]
INFO - [Epoch 1/10] [Batch 836/1258] [D loss: -0.958711] [G loss: -0.009129]
INFO - [Epoch 1/10] [Batch 841/1258] [D loss: -0.935221] [G loss: -0.010638]
INFO - [Epoch 1/10] [Batch 846/1258] [D loss: -0.938106] [G loss: -0.013823]
INFO - [Epoch 1/10] [Batch 851/1258] [D loss: -0.965559] [G loss: -0.010155]
INFO - [Epoch 1/10] [Batch 856/1258] [D loss: -0.953158] [G loss: -0.008034]
INFO - [Epoch 1/10] [Batch 861/1258] [D loss: -0.961241] [G loss: -0.011625]
INFO - [Epoch 1/10] [Batch 866/1258] [D loss: -0.883063] [G loss: -0.058947]
INFO - [Epoch 1/10] [Batch 871/1258] [D loss: -0.955928] [G loss: -0.012910]
INFO - [Epoch 1/10] [Batch 876/1258] [D loss: -0.925768] [G loss: -0.022264]
INFO - [Epoch 1/10] [Batch 881/1258] [D loss: -0.938349] [G loss: -0.018249]
INFO - [Epoch 1/10] [Batch 886/1258] [D loss: -0.937652] [G loss: -0.020463]
INFO - [Epoch 1/10] [Batch 891/1258] [D loss: -0.953464] [G loss: -0.015674]
INFO - [Epoch 1/10] [Batch 896/1258] [D loss: -0.900314] [G loss: -0.021087]
INFO - [Epoch 1/10] [Batch 901/1258] [D loss: -0.946297] [G loss: -0.013807]
INFO - generated sample images saved to disk
INFO - [Epoch 1/10] [Batch 906/1258] [D loss: -0.943719] [G loss: -0.020759]
INFO - [Epoch 1/10] [Batch 911/1258] [D loss: -0.950266] [G loss: -0.008834]
INFO - [Epoch 1/10] [Batch 916/1258] [D loss: -0.942198] [G loss: -0.021052]
INFO - [Epoch 1/10] [Batch 921/1258] [D loss: -0.952026] [G loss: -0.017038]
INFO - [Epoch 1/10] [Batch 926/1258] [D loss: -0.959317] [G loss: -0.013673]
INFO - [Epoch 1/10] [Batch 931/1258] [D loss: -0.952194] [G loss: -0.016047]
INFO - [Epoch 1/10] [Batch 936/1258] [D loss: -0.960528] [G loss: -0.013382]
INFO - [Epoch 1/10] [Batch 941/1258] [D loss: -0.962085] [G loss: -0.012766]
INFO - [Epoch 1/10] [Batch 946/1258] [D loss: -0.929167] [G loss: -0.013045]
INFO - [Epoch 1/10] [Batch 951/1258] [D loss: -0.959961] [G loss: -0.011812]
INFO - [Epoch 1/10] [Batch 956/1258] [D loss: -0.925820] [G loss: -0.037570]
INFO - [Epoch 1/10] [Batch 961/1258] [D loss: -0.956265] [G loss: -0.006554]
INFO - [Epoch 1/10] [Batch 966/1258] [D loss: -0.965699] [G loss: -0.007935]
INFO - [Epoch 1/10] [Batch 971/1258] [D loss: -0.955165] [G loss: -0.010526]
INFO - [Epoch 1/10] [Batch 976/1258] [D loss: -0.944376] [G loss: -0.009596]
INFO - [Epoch 1/10] [Batch 981/1258] [D loss: -0.956647] [G loss: -0.016005]
INFO - [Epoch 1/10] [Batch 986/1258] [D loss: -0.961336] [G loss: -0.009312]
INFO - [Epoch 1/10] [Batch 991/1258] [D loss: -0.966602] [G loss: -0.009671]
INFO - [Epoch 1/10] [Batch 996/1258] [D loss: -0.949822] [G loss: -0.014226]
INFO - [Epoch 1/10] [Batch 1001/1258] [D loss: -0.955929] [G loss: -0.010777]
INFO - generated sample images saved to disk
INFO - [Epoch 1/10] [Batch 1006/1258] [D loss: -0.848572] [G loss: -0.019097]
INFO - [Epoch 1/10] [Batch 1011/1258] [D loss: -0.959677] [G loss: -0.005880]
INFO - [Epoch 1/10] [Batch 1016/1258] [D loss: -0.957609] [G loss: -0.009357]
INFO - [Epoch 1/10] [Batch 1021/1258] [D loss: -0.967380] [G loss: -0.011278]
INFO - [Epoch 1/10] [Batch 1026/1258] [D loss: -0.973437] [G loss: -0.011651]
INFO - [Epoch 1/10] [Batch 1031/1258] [D loss: -0.953302] [G loss: -0.013668]
INFO - [Epoch 1/10] [Batch 1036/1258] [D loss: -0.963361] [G loss: -0.009646]
INFO - [Epoch 1/10] [Batch 1041/1258] [D loss: -0.962855] [G loss: -0.014522]
INFO - [Epoch 1/10] [Batch 1046/1258] [D loss: -0.941890] [G loss: -0.027090]
INFO - [Epoch 1/10] [Batch 1051/1258] [D loss: -0.976524] [G loss: -0.004225]
INFO - [Epoch 1/10] [Batch 1056/1258] [D loss: -0.982445] [G loss: -0.004682]
INFO - [Epoch 1/10] [Batch 1061/1258] [D loss: -0.967934] [G loss: -0.005626]
INFO - [Epoch 1/10] [Batch 1066/1258] [D loss: -0.964026] [G loss: -0.014882]
INFO - [Epoch 1/10] [Batch 1071/1258] [D loss: -0.969034] [G loss: -0.008461]
INFO - [Epoch 1/10] [Batch 1076/1258] [D loss: -0.969854] [G loss: -0.014057]
INFO - [Epoch 1/10] [Batch 1081/1258] [D loss: -0.976635] [G loss: -0.009474]
INFO - [Epoch 1/10] [Batch 1086/1258] [D loss: -0.978863] [G loss: -0.007555]
INFO - [Epoch 1/10] [Batch 1091/1258] [D loss: -0.969776] [G loss: -0.010427]
INFO - [Epoch 1/10] [Batch 1096/1258] [D loss: -0.967647] [G loss: -0.007343]
INFO - [Epoch 1/10] [Batch 1101/1258] [D loss: -0.896300] [G loss: -0.106909]
INFO - generated sample images saved to disk
INFO - [Epoch 1/10] [Batch 1106/1258] [D loss: -0.979114] [G loss: -0.003576]
INFO - [Epoch 1/10] [Batch 1111/1258] [D loss: -0.968241] [G loss: -0.003301]
INFO - [Epoch 1/10] [Batch 1116/1258] [D loss: -0.836224] [G loss: -0.019364]
INFO - [Epoch 1/10] [Batch 1121/1258] [D loss: -0.972211] [G loss: -0.005223]
INFO - [Epoch 1/10] [Batch 1126/1258] [D loss: -0.976339] [G loss: -0.007775]
INFO - [Epoch 1/10] [Batch 1131/1258] [D loss: -0.974800] [G loss: -0.007470]
INFO - [Epoch 1/10] [Batch 1136/1258] [D loss: -0.971788] [G loss: -0.008924]
INFO - [Epoch 1/10] [Batch 1141/1258] [D loss: -0.965766] [G loss: -0.007869]
INFO - [Epoch 1/10] [Batch 1146/1258] [D loss: -0.895957] [G loss: -0.039365]
INFO - [Epoch 1/10] [Batch 1151/1258] [D loss: -0.964280] [G loss: -0.005046]
INFO - [Epoch 1/10] [Batch 1156/1258] [D loss: -0.972860] [G loss: -0.008183]
INFO - [Epoch 1/10] [Batch 1161/1258] [D loss: -0.945415] [G loss: -0.011564]
INFO - [Epoch 1/10] [Batch 1166/1258] [D loss: -0.963443] [G loss: -0.012646]
INFO - [Epoch 1/10] [Batch 1171/1258] [D loss: -0.974422] [G loss: -0.006611]
INFO - [Epoch 1/10] [Batch 1176/1258] [D loss: -0.934832] [G loss: -0.076460]
INFO - [Epoch 1/10] [Batch 1181/1258] [D loss: -0.878833] [G loss: -0.092363]
INFO - [Epoch 1/10] [Batch 1186/1258] [D loss: -0.979746] [G loss: -0.005221]
INFO - [Epoch 1/10] [Batch 1191/1258] [D loss: -0.983578] [G loss: -0.005134]
INFO - [Epoch 1/10] [Batch 1196/1258] [D loss: -0.981036] [G loss: -0.004746]
INFO - [Epoch 1/10] [Batch 1201/1258] [D loss: -0.971086] [G loss: -0.005968]
INFO - generated sample images saved to disk
INFO - [Epoch 1/10] [Batch 1206/1258] [D loss: -0.980067] [G loss: -0.005369]
INFO - [Epoch 1/10] [Batch 1211/1258] [D loss: -0.979660] [G loss: -0.004331]
INFO - [Epoch 1/10] [Batch 1216/1258] [D loss: -0.979204] [G loss: -0.004381]
INFO - [Epoch 1/10] [Batch 1221/1258] [D loss: -0.983259] [G loss: -0.004830]
INFO - [Epoch 1/10] [Batch 1226/1258] [D loss: -0.978900] [G loss: -0.009226]
INFO - [Epoch 1/10] [Batch 1231/1258] [D loss: -0.974282] [G loss: -0.009020]
INFO - [Epoch 1/10] [Batch 1236/1258] [D loss: -0.536751] [G loss: -0.129541]
INFO - [Epoch 1/10] [Batch 1241/1258] [D loss: -0.976108] [G loss: -0.007525]
INFO - [Epoch 1/10] [Batch 1246/1258] [D loss: -0.978401] [G loss: -0.007369]
INFO - [Epoch 1/10] [Batch 1251/1258] [D loss: -0.978301] [G loss: -0.006957]
INFO - [Epoch 1/10] [Batch 1256/1258] [D loss: -0.980510] [G loss: -0.006852]
INFO - # ---- Epoch 2/10 ---- #
INFO - [Epoch 2/10] [Batch 1/1258] [D loss: -0.978185] [G loss: -0.006583]
INFO - [Epoch 2/10] [Batch 6/1258] [D loss: -0.970577] [G loss: -0.007071]
INFO - [Epoch 2/10] [Batch 11/1258] [D loss: -0.961674] [G loss: -0.013758]
INFO - [Epoch 2/10] [Batch 16/1258] [D loss: -0.964558] [G loss: -0.006347]
INFO - [Epoch 2/10] [Batch 21/1258] [D loss: -0.978127] [G loss: -0.005324]
INFO - [Epoch 2/10] [Batch 26/1258] [D loss: -0.978460] [G loss: -0.008098]
INFO - [Epoch 2/10] [Batch 31/1258] [D loss: -0.965300] [G loss: -0.008802]
INFO - [Epoch 2/10] [Batch 36/1258] [D loss: -0.425373] [G loss: -0.162358]
INFO - [Epoch 2/10] [Batch 41/1258] [D loss: -0.981164] [G loss: -0.004022]
INFO - generated sample images saved to disk
INFO - [Epoch 2/10] [Batch 46/1258] [D loss: -0.982279] [G loss: -0.004634]
INFO - [Epoch 2/10] [Batch 51/1258] [D loss: -0.983981] [G loss: -0.004093]
INFO - [Epoch 2/10] [Batch 56/1258] [D loss: -0.967157] [G loss: -0.006193]
INFO - [Epoch 2/10] [Batch 61/1258] [D loss: -0.985227] [G loss: -0.004483]
INFO - [Epoch 2/10] [Batch 66/1258] [D loss: -0.983987] [G loss: -0.004468]
INFO - [Epoch 2/10] [Batch 71/1258] [D loss: -0.976928] [G loss: -0.004647]
INFO - [Epoch 2/10] [Batch 76/1258] [D loss: -0.975429] [G loss: -0.004207]
INFO - [Epoch 2/10] [Batch 81/1258] [D loss: -0.963595] [G loss: -0.020952]
INFO - [Epoch 2/10] [Batch 86/1258] [D loss: -0.940831] [G loss: -0.004837]
INFO - [Epoch 2/10] [Batch 91/1258] [D loss: -0.966892] [G loss: -0.009796]
INFO - [Epoch 2/10] [Batch 96/1258] [D loss: -0.975464] [G loss: -0.009607]
INFO - [Epoch 2/10] [Batch 101/1258] [D loss: -0.977558] [G loss: -0.007348]
INFO - [Epoch 2/10] [Batch 106/1258] [D loss: -0.972460] [G loss: -0.005623]
INFO - [Epoch 2/10] [Batch 111/1258] [D loss: -0.953518] [G loss: -0.005882]
INFO - [Epoch 2/10] [Batch 116/1258] [D loss: -0.979025] [G loss: -0.008563]
INFO - [Epoch 2/10] [Batch 121/1258] [D loss: -0.977801] [G loss: -0.009194]
INFO - [Epoch 2/10] [Batch 126/1258] [D loss: -0.965396] [G loss: -0.006004]
INFO - [Epoch 2/10] [Batch 131/1258] [D loss: -0.972215] [G loss: -0.004270]
INFO - [Epoch 2/10] [Batch 136/1258] [D loss: -0.977641] [G loss: -0.011019]
INFO - [Epoch 2/10] [Batch 141/1258] [D loss: -0.978539] [G loss: -0.006332]
INFO - generated sample images saved to disk
INFO - [Epoch 2/10] [Batch 146/1258] [D loss: -0.944772] [G loss: -0.003907]
INFO - [Epoch 2/10] [Batch 151/1258] [D loss: -0.976923] [G loss: -0.007582]
INFO - [Epoch 2/10] [Batch 156/1258] [D loss: -0.961413] [G loss: -0.077685]
INFO - [Epoch 2/10] [Batch 161/1258] [D loss: -0.976494] [G loss: -0.003189]
INFO - [Epoch 2/10] [Batch 166/1258] [D loss: -0.985031] [G loss: -0.003924]
INFO - [Epoch 2/10] [Batch 171/1258] [D loss: -0.976360] [G loss: -0.004089]
INFO - [Epoch 2/10] [Batch 176/1258] [D loss: -0.960720] [G loss: -0.004128]
INFO - [Epoch 2/10] [Batch 181/1258] [D loss: -0.983004] [G loss: -0.004595]
INFO - [Epoch 2/10] [Batch 186/1258] [D loss: -0.952830] [G loss: -0.007912]
INFO - [Epoch 2/10] [Batch 191/1258] [D loss: -0.976382] [G loss: -0.004559]
INFO - [Epoch 2/10] [Batch 196/1258] [D loss: -0.981171] [G loss: -0.004773]
INFO - [Epoch 2/10] [Batch 201/1258] [D loss: -0.981033] [G loss: -0.004928]
INFO - [Epoch 2/10] [Batch 206/1258] [D loss: -0.984318] [G loss: -0.005597]
INFO - [Epoch 2/10] [Batch 211/1258] [D loss: -0.984940] [G loss: -0.004778]
INFO - [Epoch 2/10] [Batch 216/1258] [D loss: -0.970037] [G loss: -0.025277]
INFO - [Epoch 2/10] [Batch 221/1258] [D loss: -0.971757] [G loss: -0.005852]
INFO - [Epoch 2/10] [Batch 226/1258] [D loss: -0.977814] [G loss: -0.006373]
INFO - [Epoch 2/10] [Batch 231/1258] [D loss: -0.970588] [G loss: -0.008276]
INFO - [Epoch 2/10] [Batch 236/1258] [D loss: -0.971828] [G loss: -0.012132]
INFO - [Epoch 2/10] [Batch 241/1258] [D loss: -0.951702] [G loss: -0.009924]
INFO - generated sample images saved to disk
INFO - [Epoch 2/10] [Batch 246/1258] [D loss: -0.976599] [G loss: -0.010091]
INFO - [Epoch 2/10] [Batch 251/1258] [D loss: -0.943017] [G loss: -0.023364]
INFO - [Epoch 2/10] [Batch 256/1258] [D loss: -0.974244] [G loss: -0.009709]
INFO - [Epoch 2/10] [Batch 261/1258] [D loss: -0.973211] [G loss: -0.009365]
INFO - [Epoch 2/10] [Batch 266/1258] [D loss: -0.967285] [G loss: -0.006349]
INFO - [Epoch 2/10] [Batch 271/1258] [D loss: -0.971949] [G loss: -0.011486]
INFO - [Epoch 2/10] [Batch 276/1258] [D loss: -0.974252] [G loss: -0.007854]
INFO - [Epoch 2/10] [Batch 281/1258] [D loss: -0.967081] [G loss: -0.009946]
INFO - [Epoch 2/10] [Batch 286/1258] [D loss: -0.938132] [G loss: -0.021215]
INFO - [Epoch 2/10] [Batch 291/1258] [D loss: -0.942647] [G loss: -0.005487]
INFO - [Epoch 2/10] [Batch 296/1258] [D loss: -0.967377] [G loss: -0.014235]
INFO - [Epoch 2/10] [Batch 301/1258] [D loss: -0.968582] [G loss: -0.011726]
INFO - [Epoch 2/10] [Batch 306/1258] [D loss: -0.967638] [G loss: -0.009925]
INFO - [Epoch 2/10] [Batch 311/1258] [D loss: -0.936969] [G loss: -0.042634]
INFO - [Epoch 2/10] [Batch 316/1258] [D loss: -0.955667] [G loss: -0.004781]
INFO - [Epoch 2/10] [Batch 321/1258] [D loss: -0.966081] [G loss: -0.006983]
INFO - [Epoch 2/10] [Batch 326/1258] [D loss: -0.978309] [G loss: -0.007523]
INFO - [Epoch 2/10] [Batch 331/1258] [D loss: -0.922573] [G loss: -0.034120]
INFO - [Epoch 2/10] [Batch 336/1258] [D loss: -0.957599] [G loss: -0.010621]
INFO - [Epoch 2/10] [Batch 341/1258] [D loss: -0.506127] [G loss: -0.067431]
INFO - generated sample images saved to disk
INFO - [Epoch 2/10] [Batch 346/1258] [D loss: -0.957368] [G loss: -0.006990]
INFO - [Epoch 2/10] [Batch 351/1258] [D loss: -0.950209] [G loss: -0.013175]
INFO - [Epoch 2/10] [Batch 356/1258] [D loss: -0.912126] [G loss: -0.027224]
INFO - [Epoch 2/10] [Batch 361/1258] [D loss: -0.785815] [G loss: -0.025580]
INFO - [Epoch 2/10] [Batch 366/1258] [D loss: -0.842903] [G loss: -0.023427]
INFO - [Epoch 2/10] [Batch 371/1258] [D loss: -0.915581] [G loss: -0.022071]
INFO - [Epoch 2/10] [Batch 376/1258] [D loss: -0.684405] [G loss: -0.159739]
INFO - [Epoch 2/10] [Batch 381/1258] [D loss: -0.965738] [G loss: -0.010076]
INFO - [Epoch 2/10] [Batch 386/1258] [D loss: -0.954628] [G loss: -0.012885]
INFO - [Epoch 2/10] [Batch 391/1258] [D loss: -0.938227] [G loss: -0.020912]
INFO - [Epoch 2/10] [Batch 396/1258] [D loss: -0.908488] [G loss: -0.034533]
INFO - [Epoch 2/10] [Batch 401/1258] [D loss: -0.858108] [G loss: -0.066821]
INFO - [Epoch 2/10] [Batch 406/1258] [D loss: -0.892615] [G loss: -0.035971]
INFO - [Epoch 2/10] [Batch 411/1258] [D loss: -0.839495] [G loss: -0.053348]
INFO - [Epoch 2/10] [Batch 416/1258] [D loss: -0.413637] [G loss: -0.454185]
INFO - [Epoch 2/10] [Batch 421/1258] [D loss: -0.952025] [G loss: -0.010422]
INFO - [Epoch 2/10] [Batch 426/1258] [D loss: -0.958319] [G loss: -0.006902]
INFO - [Epoch 2/10] [Batch 431/1258] [D loss: -0.913087] [G loss: -0.015702]
INFO - [Epoch 2/10] [Batch 436/1258] [D loss: -0.899350] [G loss: -0.074902]
INFO - [Epoch 2/10] [Batch 441/1258] [D loss: 0.372048] [G loss: -0.011164]
INFO - generated sample images saved to disk
INFO - [Epoch 2/10] [Batch 446/1258] [D loss: -0.631108] [G loss: -0.146085]
INFO - [Epoch 2/10] [Batch 451/1258] [D loss: -0.895816] [G loss: -0.031577]
INFO - [Epoch 2/10] [Batch 456/1258] [D loss: -0.800286] [G loss: -0.039424]
INFO - [Epoch 2/10] [Batch 461/1258] [D loss: -0.479269] [G loss: -0.358837]
INFO - [Epoch 2/10] [Batch 466/1258] [D loss: -0.838510] [G loss: -0.031436]
INFO - [Epoch 2/10] [Batch 471/1258] [D loss: -0.829377] [G loss: -0.047314]
INFO - [Epoch 2/10] [Batch 476/1258] [D loss: -0.430841] [G loss: -0.234683]
INFO - [Epoch 2/10] [Batch 481/1258] [D loss: -0.920966] [G loss: -0.025723]
INFO - [Epoch 2/10] [Batch 486/1258] [D loss: -0.744214] [G loss: -0.178132]
INFO - [Epoch 2/10] [Batch 491/1258] [D loss: -0.926024] [G loss: -0.020107]
INFO - [Epoch 2/10] [Batch 496/1258] [D loss: -0.785547] [G loss: -0.150255]
INFO - [Epoch 2/10] [Batch 501/1258] [D loss: -0.923408] [G loss: -0.021640]
INFO - [Epoch 2/10] [Batch 506/1258] [D loss: -0.097446] [G loss: -0.233347]
INFO - [Epoch 2/10] [Batch 511/1258] [D loss: -0.699938] [G loss: -0.136088]
INFO - [Epoch 2/10] [Batch 516/1258] [D loss: -0.869020] [G loss: -0.033555]
INFO - [Epoch 2/10] [Batch 521/1258] [D loss: 0.201878] [G loss: -0.030563]
INFO - [Epoch 2/10] [Batch 526/1258] [D loss: -0.711950] [G loss: -0.118613]
INFO - [Epoch 2/10] [Batch 531/1258] [D loss: -0.624068] [G loss: -0.338516]
INFO - [Epoch 2/10] [Batch 536/1258] [D loss: -0.925069] [G loss: -0.018197]
INFO - [Epoch 2/10] [Batch 541/1258] [D loss: -0.920635] [G loss: -0.028923]
INFO - generated sample images saved to disk
INFO - [Epoch 2/10] [Batch 546/1258] [D loss: -0.830631] [G loss: -0.029446]
INFO - [Epoch 2/10] [Batch 551/1258] [D loss: 0.549031] [G loss: -0.080603]
INFO - [Epoch 2/10] [Batch 556/1258] [D loss: -0.809949] [G loss: -0.070406]
INFO - [Epoch 2/10] [Batch 561/1258] [D loss: -0.817579] [G loss: -0.108490]
INFO - [Epoch 2/10] [Batch 566/1258] [D loss: -0.925036] [G loss: -0.012080]
INFO - [Epoch 2/10] [Batch 571/1258] [D loss: -0.841699] [G loss: -0.021876]
INFO - [Epoch 2/10] [Batch 576/1258] [D loss: -0.087362] [G loss: -0.411521]
INFO - [Epoch 2/10] [Batch 581/1258] [D loss: -0.944709] [G loss: -0.012366]
INFO - [Epoch 2/10] [Batch 586/1258] [D loss: -0.948041] [G loss: -0.013837]
INFO - [Epoch 2/10] [Batch 591/1258] [D loss: -0.946169] [G loss: -0.007594]
INFO - [Epoch 2/10] [Batch 596/1258] [D loss: -0.941463] [G loss: -0.020517]
INFO - [Epoch 2/10] [Batch 601/1258] [D loss: -0.722922] [G loss: -0.140345]
INFO - [Epoch 2/10] [Batch 606/1258] [D loss: -0.891596] [G loss: -0.032111]
INFO - [Epoch 2/10] [Batch 611/1258] [D loss: -0.276244] [G loss: -0.152292]
INFO - [Epoch 2/10] [Batch 616/1258] [D loss: -0.853766] [G loss: -0.038005]
INFO - [Epoch 2/10] [Batch 621/1258] [D loss: -0.867342] [G loss: -0.047114]
INFO - [Epoch 2/10] [Batch 626/1258] [D loss: -0.169532] [G loss: -0.061089]
INFO - [Epoch 2/10] [Batch 631/1258] [D loss: -0.773723] [G loss: -0.070627]
INFO - [Epoch 2/10] [Batch 636/1258] [D loss: -0.907620] [G loss: -0.026915]
INFO - [Epoch 2/10] [Batch 641/1258] [D loss: -0.870658] [G loss: -0.042983]
INFO - generated sample images saved to disk
INFO - [Epoch 2/10] [Batch 646/1258] [D loss: -0.735409] [G loss: -0.119284]
INFO - [Epoch 2/10] [Batch 651/1258] [D loss: -0.934369] [G loss: -0.011978]
INFO - [Epoch 2/10] [Batch 656/1258] [D loss: -0.934628] [G loss: -0.023108]
INFO - [Epoch 2/10] [Batch 661/1258] [D loss: -0.761617] [G loss: -0.145487]
INFO - [Epoch 2/10] [Batch 666/1258] [D loss: -0.914446] [G loss: -0.020955]
INFO - [Epoch 2/10] [Batch 671/1258] [D loss: -0.896400] [G loss: -0.020153]
INFO - [Epoch 2/10] [Batch 676/1258] [D loss: -0.815888] [G loss: -0.169282]
INFO - [Epoch 2/10] [Batch 681/1258] [D loss: -0.917701] [G loss: -0.016015]
INFO - [Epoch 2/10] [Batch 686/1258] [D loss: -0.924345] [G loss: -0.013011]
INFO - [Epoch 2/10] [Batch 691/1258] [D loss: -0.930271] [G loss: -0.020595]
INFO - [Epoch 2/10] [Batch 696/1258] [D loss: -0.839753] [G loss: -0.156977]
INFO - [Epoch 2/10] [Batch 701/1258] [D loss: -0.892507] [G loss: -0.028374]
INFO - [Epoch 2/10] [Batch 706/1258] [D loss: -0.547871] [G loss: -0.095267]
INFO - [Epoch 2/10] [Batch 711/1258] [D loss: -0.877957] [G loss: -0.019695]
INFO - [Epoch 2/10] [Batch 716/1258] [D loss: -0.926239] [G loss: -0.016820]
INFO - [Epoch 2/10] [Batch 721/1258] [D loss: -0.149890] [G loss: -0.064317]
INFO - [Epoch 2/10] [Batch 726/1258] [D loss: -0.865879] [G loss: -0.051144]
INFO - [Epoch 2/10] [Batch 731/1258] [D loss: -0.891964] [G loss: -0.031760]
INFO - [Epoch 2/10] [Batch 736/1258] [D loss: -0.856792] [G loss: -0.070494]
INFO - [Epoch 2/10] [Batch 741/1258] [D loss: -0.912263] [G loss: -0.025755]
INFO - generated sample images saved to disk
INFO - [Epoch 2/10] [Batch 746/1258] [D loss: -0.819866] [G loss: -0.011170]
INFO - [Epoch 2/10] [Batch 751/1258] [D loss: -0.848164] [G loss: -0.135295]
INFO - [Epoch 2/10] [Batch 756/1258] [D loss: -0.920627] [G loss: -0.006577]
INFO - [Epoch 2/10] [Batch 761/1258] [D loss: -0.885397] [G loss: -0.019790]
INFO - [Epoch 2/10] [Batch 766/1258] [D loss: -0.895580] [G loss: -0.021237]
INFO - [Epoch 2/10] [Batch 771/1258] [D loss: -0.893226] [G loss: -0.095871]
INFO - [Epoch 2/10] [Batch 776/1258] [D loss: -0.427995] [G loss: -0.021230]
INFO - [Epoch 2/10] [Batch 781/1258] [D loss: -0.916241] [G loss: -0.034502]
INFO - [Epoch 2/10] [Batch 786/1258] [D loss: -0.874668] [G loss: -0.042077]
INFO - [Epoch 2/10] [Batch 791/1258] [D loss: -0.900373] [G loss: -0.036824]
INFO - [Epoch 2/10] [Batch 796/1258] [D loss: -0.888637] [G loss: -0.026093]
INFO - [Epoch 2/10] [Batch 801/1258] [D loss: -0.775458] [G loss: -0.084467]
INFO - [Epoch 2/10] [Batch 806/1258] [D loss: -0.881740] [G loss: -0.041496]
INFO - [Epoch 2/10] [Batch 811/1258] [D loss: -0.905187] [G loss: -0.034977]
INFO - [Epoch 2/10] [Batch 816/1258] [D loss: -0.899844] [G loss: -0.041200]
INFO - [Epoch 2/10] [Batch 821/1258] [D loss: -0.814569] [G loss: -0.207196]
INFO - [Epoch 2/10] [Batch 826/1258] [D loss: -0.964812] [G loss: -0.009350]
INFO - [Epoch 2/10] [Batch 831/1258] [D loss: -0.965129] [G loss: -0.009438]
INFO - [Epoch 2/10] [Batch 836/1258] [D loss: -0.967214] [G loss: -0.009213]
INFO - [Epoch 2/10] [Batch 841/1258] [D loss: -0.773163] [G loss: -0.006358]
INFO - generated sample images saved to disk
INFO - [Epoch 2/10] [Batch 846/1258] [D loss: -0.956301] [G loss: -0.013084]
INFO - [Epoch 2/10] [Batch 851/1258] [D loss: -0.944230] [G loss: -0.009519]
INFO - [Epoch 2/10] [Batch 856/1258] [D loss: 0.275998] [G loss: -0.005817]
INFO - [Epoch 2/10] [Batch 861/1258] [D loss: -0.941429] [G loss: -0.011379]
INFO - [Epoch 2/10] [Batch 866/1258] [D loss: -0.805688] [G loss: -0.053430]
INFO - [Epoch 2/10] [Batch 871/1258] [D loss: -0.920402] [G loss: -0.021713]
INFO - [Epoch 2/10] [Batch 876/1258] [D loss: -0.928587] [G loss: -0.022648]
INFO - [Epoch 2/10] [Batch 881/1258] [D loss: -0.747709] [G loss: -0.031182]
INFO - [Epoch 2/10] [Batch 886/1258] [D loss: -0.915383] [G loss: -0.021152]
INFO - [Epoch 2/10] [Batch 891/1258] [D loss: -0.687666] [G loss: -0.094933]
INFO - [Epoch 2/10] [Batch 896/1258] [D loss: -0.906637] [G loss: -0.020856]
INFO - [Epoch 2/10] [Batch 901/1258] [D loss: -0.930923] [G loss: -0.018931]
INFO - [Epoch 2/10] [Batch 906/1258] [D loss: -0.919038] [G loss: -0.029250]
INFO - [Epoch 2/10] [Batch 911/1258] [D loss: -0.868510] [G loss: -0.046236]
INFO - [Epoch 2/10] [Batch 916/1258] [D loss: -0.847530] [G loss: -0.057174]
INFO - [Epoch 2/10] [Batch 921/1258] [D loss: -0.945759] [G loss: -0.013312]
INFO - [Epoch 2/10] [Batch 926/1258] [D loss: -0.897965] [G loss: -0.025244]
INFO - [Epoch 2/10] [Batch 931/1258] [D loss: -0.743386] [G loss: -0.147103]
INFO - [Epoch 2/10] [Batch 936/1258] [D loss: -0.958995] [G loss: -0.011328]
INFO - [Epoch 2/10] [Batch 941/1258] [D loss: -0.924471] [G loss: -0.016099]
INFO - generated sample images saved to disk
INFO - [Epoch 2/10] [Batch 946/1258] [D loss: -0.523546] [G loss: -0.126661]
INFO - [Epoch 2/10] [Batch 951/1258] [D loss: -0.909951] [G loss: -0.007841]
INFO - [Epoch 2/10] [Batch 956/1258] [D loss: -0.936622] [G loss: -0.013936]
INFO - [Epoch 2/10] [Batch 961/1258] [D loss: -0.869502] [G loss: -0.020927]
INFO - [Epoch 2/10] [Batch 966/1258] [D loss: -0.803317] [G loss: -0.278750]
INFO - [Epoch 2/10] [Batch 971/1258] [D loss: -0.963930] [G loss: -0.007694]
INFO - [Epoch 2/10] [Batch 976/1258] [D loss: -0.961468] [G loss: -0.007549]
INFO - [Epoch 2/10] [Batch 981/1258] [D loss: -0.789592] [G loss: -0.038014]
INFO - [Epoch 2/10] [Batch 986/1258] [D loss: -0.944116] [G loss: -0.017612]
INFO - [Epoch 2/10] [Batch 991/1258] [D loss: -0.833244] [G loss: -0.018046]
INFO - [Epoch 2/10] [Batch 996/1258] [D loss: 0.959765] [G loss: -0.992495]
INFO - [Epoch 2/10] [Batch 1001/1258] [D loss: 0.908654] [G loss: -0.989102]
INFO - [Epoch 2/10] [Batch 1006/1258] [D loss: 0.619873] [G loss: -0.859439]
INFO - [Epoch 2/10] [Batch 1011/1258] [D loss: -0.567977] [G loss: -0.169847]
INFO - [Epoch 2/10] [Batch 1016/1258] [D loss: -0.887249] [G loss: -0.010837]
INFO - [Epoch 2/10] [Batch 1021/1258] [D loss: -0.907759] [G loss: -0.007605]
INFO - [Epoch 2/10] [Batch 1026/1258] [D loss: -0.916660] [G loss: -0.007130]
INFO - [Epoch 2/10] [Batch 1031/1258] [D loss: -0.906847] [G loss: -0.008724]
INFO - [Epoch 2/10] [Batch 1036/1258] [D loss: -0.963154] [G loss: -0.007075]
INFO - [Epoch 2/10] [Batch 1041/1258] [D loss: -0.941153] [G loss: -0.013921]
INFO - generated sample images saved to disk
INFO - [Epoch 2/10] [Batch 1046/1258] [D loss: -0.935339] [G loss: -0.021022]
INFO - [Epoch 2/10] [Batch 1051/1258] [D loss: -0.672198] [G loss: -0.131251]
INFO - [Epoch 2/10] [Batch 1056/1258] [D loss: -0.850454] [G loss: -0.023628]
INFO - [Epoch 2/10] [Batch 1061/1258] [D loss: -0.806140] [G loss: -0.043485]
INFO - [Epoch 2/10] [Batch 1066/1258] [D loss: -0.821643] [G loss: -0.084190]
INFO - [Epoch 2/10] [Batch 1071/1258] [D loss: -0.946417] [G loss: -0.011524]
INFO - [Epoch 2/10] [Batch 1076/1258] [D loss: -0.932840] [G loss: -0.021667]
INFO - [Epoch 2/10] [Batch 1081/1258] [D loss: -0.842994] [G loss: -0.043838]
INFO - [Epoch 2/10] [Batch 1086/1258] [D loss: -0.920285] [G loss: -0.031867]
INFO - [Epoch 2/10] [Batch 1091/1258] [D loss: -0.903903] [G loss: -0.033089]
INFO - [Epoch 2/10] [Batch 1096/1258] [D loss: -0.563251] [G loss: -0.003412]
INFO - [Epoch 2/10] [Batch 1101/1258] [D loss: -0.883324] [G loss: -0.018170]
INFO - [Epoch 2/10] [Batch 1106/1258] [D loss: -0.868290] [G loss: -0.033251]
INFO - [Epoch 2/10] [Batch 1111/1258] [D loss: -0.918066] [G loss: -0.026665]
INFO - [Epoch 2/10] [Batch 1116/1258] [D loss: -0.799255] [G loss: -0.065280]
INFO - [Epoch 2/10] [Batch 1121/1258] [D loss: -0.936949] [G loss: -0.016089]
INFO - [Epoch 2/10] [Batch 1126/1258] [D loss: -0.896648] [G loss: -0.031672]
INFO - [Epoch 2/10] [Batch 1131/1258] [D loss: -0.924946] [G loss: -0.026160]
INFO - [Epoch 2/10] [Batch 1136/1258] [D loss: -0.870971] [G loss: -0.045717]
INFO - [Epoch 2/10] [Batch 1141/1258] [D loss: -0.891709] [G loss: -0.031918]
INFO - generated sample images saved to disk
INFO - [Epoch 2/10] [Batch 1146/1258] [D loss: -0.871106] [G loss: -0.020537]
INFO - [Epoch 2/10] [Batch 1151/1258] [D loss: -0.755653] [G loss: -0.092036]
INFO - [Epoch 2/10] [Batch 1156/1258] [D loss: -0.958655] [G loss: -0.011687]
INFO - [Epoch 2/10] [Batch 1161/1258] [D loss: -0.935475] [G loss: -0.011875]
INFO - [Epoch 2/10] [Batch 1166/1258] [D loss: -0.901484] [G loss: -0.025718]
INFO - [Epoch 2/10] [Batch 1171/1258] [D loss: 2.841894] [G loss: -0.988442]
INFO - [Epoch 2/10] [Batch 1176/1258] [D loss: 0.890174] [G loss: -0.986603]
INFO - [Epoch 2/10] [Batch 1181/1258] [D loss: 0.671022] [G loss: -0.957094]
INFO - [Epoch 2/10] [Batch 1186/1258] [D loss: 0.351846] [G loss: -0.858641]
INFO - [Epoch 2/10] [Batch 1191/1258] [D loss: -0.242294] [G loss: -0.581276]
INFO - [Epoch 2/10] [Batch 1196/1258] [D loss: -0.568358] [G loss: -0.287119]
INFO - [Epoch 2/10] [Batch 1201/1258] [D loss: -0.179521] [G loss: -0.546490]
INFO - [Epoch 2/10] [Batch 1206/1258] [D loss: -0.284069] [G loss: -0.578752]
INFO - [Epoch 2/10] [Batch 1211/1258] [D loss: -0.320649] [G loss: -0.534513]
INFO - [Epoch 2/10] [Batch 1216/1258] [D loss: -0.383617] [G loss: -0.492785]
INFO - [Epoch 2/10] [Batch 1221/1258] [D loss: -0.362771] [G loss: -0.482881]
INFO - [Epoch 2/10] [Batch 1226/1258] [D loss: -0.432486] [G loss: -0.333949]
INFO - [Epoch 2/10] [Batch 1231/1258] [D loss: -0.452213] [G loss: -0.303034]
INFO - [Epoch 2/10] [Batch 1236/1258] [D loss: -0.470214] [G loss: -0.318049]
INFO - [Epoch 2/10] [Batch 1241/1258] [D loss: -0.526242] [G loss: -0.260485]
INFO - generated sample images saved to disk
INFO - [Epoch 2/10] [Batch 1246/1258] [D loss: -0.517503] [G loss: -0.408832]
INFO - [Epoch 2/10] [Batch 1251/1258] [D loss: -0.659203] [G loss: -0.045859]
INFO - [Epoch 2/10] [Batch 1256/1258] [D loss: -0.474432] [G loss: -0.182072]
INFO - # ---- Epoch 3/10 ---- #
INFO - [Epoch 3/10] [Batch 1/1258] [D loss: -0.744897] [G loss: -0.111259]
INFO - [Epoch 3/10] [Batch 6/1258] [D loss: -0.647462] [G loss: -0.103376]
INFO - [Epoch 3/10] [Batch 11/1258] [D loss: -0.466524] [G loss: -0.256354]
INFO - [Epoch 3/10] [Batch 16/1258] [D loss: -0.812880] [G loss: -0.043796]
INFO - [Epoch 3/10] [Batch 21/1258] [D loss: -0.345952] [G loss: -0.236603]
INFO - [Epoch 3/10] [Batch 26/1258] [D loss: -0.823369] [G loss: -0.034079]
INFO - [Epoch 3/10] [Batch 31/1258] [D loss: -0.707575] [G loss: -0.064146]
INFO - [Epoch 3/10] [Batch 36/1258] [D loss: -0.522487] [G loss: -0.071950]
INFO - [Epoch 3/10] [Batch 41/1258] [D loss: -0.697886] [G loss: -0.025756]
INFO - [Epoch 3/10] [Batch 46/1258] [D loss: -0.362543] [G loss: -0.484495]
INFO - [Epoch 3/10] [Batch 51/1258] [D loss: -0.879709] [G loss: -0.010181]
INFO - [Epoch 3/10] [Batch 56/1258] [D loss: -0.917220] [G loss: -0.029608]
INFO - [Epoch 3/10] [Batch 61/1258] [D loss: -0.907622] [G loss: -0.029652]
INFO - [Epoch 3/10] [Batch 66/1258] [D loss: -0.922133] [G loss: -0.023839]
INFO - [Epoch 3/10] [Batch 71/1258] [D loss: -0.453337] [G loss: -0.026113]
INFO - [Epoch 3/10] [Batch 76/1258] [D loss: -0.523491] [G loss: -0.025990]
INFO - [Epoch 3/10] [Batch 81/1258] [D loss: -0.474080] [G loss: -0.067116]
INFO - generated sample images saved to disk
INFO - [Epoch 3/10] [Batch 86/1258] [D loss: -0.625062] [G loss: -0.072289]
INFO - [Epoch 3/10] [Batch 91/1258] [D loss: -0.682576] [G loss: -0.056539]
INFO - [Epoch 3/10] [Batch 96/1258] [D loss: -0.770299] [G loss: -0.054060]
INFO - [Epoch 3/10] [Batch 101/1258] [D loss: -0.834532] [G loss: -0.068220]
INFO - [Epoch 3/10] [Batch 106/1258] [D loss: -0.873227] [G loss: -0.047138]
INFO - [Epoch 3/10] [Batch 111/1258] [D loss: -0.512218] [G loss: -0.082145]
INFO - [Epoch 3/10] [Batch 116/1258] [D loss: -0.897406] [G loss: -0.022964]
INFO - [Epoch 3/10] [Batch 121/1258] [D loss: -0.813260] [G loss: -0.041465]
INFO - [Epoch 3/10] [Batch 126/1258] [D loss: -0.782299] [G loss: -0.057809]
INFO - [Epoch 3/10] [Batch 131/1258] [D loss: -0.880404] [G loss: -0.044714]
INFO - [Epoch 3/10] [Batch 136/1258] [D loss: -0.204662] [G loss: -0.020028]
INFO - [Epoch 3/10] [Batch 141/1258] [D loss: -0.378962] [G loss: -0.069622]
INFO - [Epoch 3/10] [Batch 146/1258] [D loss: -0.631220] [G loss: -0.037222]
INFO - [Epoch 3/10] [Batch 151/1258] [D loss: -0.687811] [G loss: -0.104741]
INFO - [Epoch 3/10] [Batch 156/1258] [D loss: -0.902103] [G loss: -0.032295]
INFO - [Epoch 3/10] [Batch 161/1258] [D loss: -0.835909] [G loss: -0.047308]
INFO - [Epoch 3/10] [Batch 166/1258] [D loss: -0.765163] [G loss: -0.125832]
INFO - [Epoch 3/10] [Batch 171/1258] [D loss: -0.923731] [G loss: -0.023740]
INFO - [Epoch 3/10] [Batch 176/1258] [D loss: -0.916562] [G loss: -0.022617]
INFO - [Epoch 3/10] [Batch 181/1258] [D loss: -0.364032] [G loss: -0.089123]
INFO - generated sample images saved to disk
INFO - [Epoch 3/10] [Batch 186/1258] [D loss: -0.739585] [G loss: -0.025677]
INFO - [Epoch 3/10] [Batch 191/1258] [D loss: -0.789100] [G loss: -0.079137]
INFO - [Epoch 3/10] [Batch 196/1258] [D loss: -0.902763] [G loss: -0.029766]
INFO - [Epoch 3/10] [Batch 201/1258] [D loss: -0.845391] [G loss: -0.025351]
INFO - [Epoch 3/10] [Batch 206/1258] [D loss: -0.720387] [G loss: -0.072992]
INFO - [Epoch 3/10] [Batch 211/1258] [D loss: -0.899764] [G loss: -0.010075]
INFO - [Epoch 3/10] [Batch 216/1258] [D loss: -0.410544] [G loss: -0.015339]
INFO - [Epoch 3/10] [Batch 221/1258] [D loss: -0.753164] [G loss: -0.164926]
INFO - [Epoch 3/10] [Batch 226/1258] [D loss: -0.918525] [G loss: -0.011600]
INFO - [Epoch 3/10] [Batch 231/1258] [D loss: -0.938758] [G loss: -0.019339]
INFO - [Epoch 3/10] [Batch 236/1258] [D loss: -0.921376] [G loss: -0.020665]
INFO - [Epoch 3/10] [Batch 241/1258] [D loss: -0.896088] [G loss: -0.028837]
INFO - [Epoch 3/10] [Batch 246/1258] [D loss: -0.665676] [G loss: -0.065750]
INFO - [Epoch 3/10] [Batch 251/1258] [D loss: -0.933147] [G loss: -0.009556]
INFO - [Epoch 3/10] [Batch 256/1258] [D loss: -0.934081] [G loss: -0.030634]
INFO - [Epoch 3/10] [Batch 261/1258] [D loss: -0.785838] [G loss: -0.083098]
INFO - [Epoch 3/10] [Batch 266/1258] [D loss: -0.927249] [G loss: -0.020985]
INFO - [Epoch 3/10] [Batch 271/1258] [D loss: -0.923594] [G loss: -0.020561]
INFO - [Epoch 3/10] [Batch 276/1258] [D loss: -0.902231] [G loss: -0.027423]
INFO - [Epoch 3/10] [Batch 281/1258] [D loss: 0.223136] [G loss: -0.256911]
INFO - generated sample images saved to disk
INFO - [Epoch 3/10] [Batch 286/1258] [D loss: -0.902533] [G loss: -0.007591]
INFO - [Epoch 3/10] [Batch 291/1258] [D loss: -0.934939] [G loss: -0.007803]
INFO - [Epoch 3/10] [Batch 296/1258] [D loss: -0.935247] [G loss: -0.013286]
INFO - [Epoch 3/10] [Batch 301/1258] [D loss: -0.903788] [G loss: -0.021495]
INFO - [Epoch 3/10] [Batch 306/1258] [D loss: -0.877523] [G loss: -0.041022]
INFO - [Epoch 3/10] [Batch 311/1258] [D loss: -0.868311] [G loss: -0.037980]
INFO - [Epoch 3/10] [Batch 316/1258] [D loss: -0.920458] [G loss: -0.024938]
INFO - [Epoch 3/10] [Batch 321/1258] [D loss: 2.220496] [G loss: -0.011702]
INFO - [Epoch 3/10] [Batch 326/1258] [D loss: -0.397095] [G loss: -0.049092]
INFO - [Epoch 3/10] [Batch 331/1258] [D loss: -0.685512] [G loss: -0.020911]
INFO - [Epoch 3/10] [Batch 336/1258] [D loss: -0.857637] [G loss: -0.039384]
INFO - [Epoch 3/10] [Batch 341/1258] [D loss: -0.927184] [G loss: -0.022960]
INFO - [Epoch 3/10] [Batch 346/1258] [D loss: -0.884469] [G loss: -0.038119]
INFO - [Epoch 3/10] [Batch 351/1258] [D loss: -0.942004] [G loss: -0.014862]
INFO - [Epoch 3/10] [Batch 356/1258] [D loss: -0.885562] [G loss: -0.031624]
INFO - [Epoch 3/10] [Batch 361/1258] [D loss: -0.911596] [G loss: -0.022960]
INFO - [Epoch 3/10] [Batch 366/1258] [D loss: -0.924407] [G loss: -0.030335]
INFO - [Epoch 3/10] [Batch 371/1258] [D loss: -0.926625] [G loss: -0.014832]
INFO - [Epoch 3/10] [Batch 376/1258] [D loss: 0.956564] [G loss: -0.003101]
INFO - [Epoch 3/10] [Batch 381/1258] [D loss: -0.738603] [G loss: -0.071385]
INFO - generated sample images saved to disk
INFO - [Epoch 3/10] [Batch 386/1258] [D loss: -0.938102] [G loss: -0.013620]
INFO - [Epoch 3/10] [Batch 391/1258] [D loss: -0.950635] [G loss: -0.008454]
INFO - [Epoch 3/10] [Batch 396/1258] [D loss: -0.913152] [G loss: -0.019046]
INFO - [Epoch 3/10] [Batch 401/1258] [D loss: -0.905073] [G loss: -0.046477]
INFO - [Epoch 3/10] [Batch 406/1258] [D loss: -0.944560] [G loss: -0.018764]
INFO - [Epoch 3/10] [Batch 411/1258] [D loss: -0.882919] [G loss: -0.040938]
INFO - [Epoch 3/10] [Batch 416/1258] [D loss: -0.953279] [G loss: -0.023753]
INFO - [Epoch 3/10] [Batch 421/1258] [D loss: -0.711536] [G loss: -0.064711]
INFO - [Epoch 3/10] [Batch 426/1258] [D loss: -0.952925] [G loss: -0.010518]
INFO - [Epoch 3/10] [Batch 431/1258] [D loss: -0.954692] [G loss: -0.007764]
INFO - [Epoch 3/10] [Batch 436/1258] [D loss: -0.891812] [G loss: -0.038901]
INFO - [Epoch 3/10] [Batch 441/1258] [D loss: -0.891935] [G loss: -0.048609]
INFO - [Epoch 3/10] [Batch 446/1258] [D loss: -0.909890] [G loss: -0.049407]
INFO - [Epoch 3/10] [Batch 451/1258] [D loss: -0.949968] [G loss: -0.019131]
INFO - [Epoch 3/10] [Batch 456/1258] [D loss: -0.221554] [G loss: -0.025290]
INFO - [Epoch 3/10] [Batch 461/1258] [D loss: -0.825064] [G loss: -0.038413]
INFO - [Epoch 3/10] [Batch 466/1258] [D loss: -0.918328] [G loss: -0.015557]
INFO - [Epoch 3/10] [Batch 471/1258] [D loss: -0.900069] [G loss: -0.030073]
INFO - [Epoch 3/10] [Batch 476/1258] [D loss: -0.911759] [G loss: -0.026074]
INFO - [Epoch 3/10] [Batch 481/1258] [D loss: -0.903628] [G loss: -0.029587]
INFO - generated sample images saved to disk
INFO - [Epoch 3/10] [Batch 486/1258] [D loss: -0.939573] [G loss: -0.024613]
INFO - [Epoch 3/10] [Batch 491/1258] [D loss: -0.934821] [G loss: -0.026032]
INFO - [Epoch 3/10] [Batch 496/1258] [D loss: -0.838864] [G loss: -0.054232]
INFO - [Epoch 3/10] [Batch 501/1258] [D loss: -0.946261] [G loss: -0.011354]
INFO - [Epoch 3/10] [Batch 506/1258] [D loss: -0.944103] [G loss: -0.015865]
INFO - [Epoch 3/10] [Batch 511/1258] [D loss: -0.909503] [G loss: -0.026350]
INFO - [Epoch 3/10] [Batch 516/1258] [D loss: -0.929803] [G loss: -0.016945]
INFO - [Epoch 3/10] [Batch 521/1258] [D loss: -0.889516] [G loss: -0.042422]
INFO - [Epoch 3/10] [Batch 526/1258] [D loss: -0.957058] [G loss: -0.015880]
INFO - [Epoch 3/10] [Batch 531/1258] [D loss: -0.759910] [G loss: -0.093834]
INFO - [Epoch 3/10] [Batch 536/1258] [D loss: -0.952285] [G loss: -0.009372]
INFO - [Epoch 3/10] [Batch 541/1258] [D loss: -0.955397] [G loss: -0.008245]
INFO - [Epoch 3/10] [Batch 546/1258] [D loss: -0.947507] [G loss: -0.016553]
INFO - [Epoch 3/10] [Batch 551/1258] [D loss: -0.806839] [G loss: -0.261190]
INFO - [Epoch 3/10] [Batch 556/1258] [D loss: -0.961388] [G loss: -0.007524]
INFO - [Epoch 3/10] [Batch 561/1258] [D loss: -0.897249] [G loss: -0.042478]
INFO - [Epoch 3/10] [Batch 566/1258] [D loss: -0.968535] [G loss: -0.010441]
INFO - [Epoch 3/10] [Batch 571/1258] [D loss: -0.957903] [G loss: -0.006863]
INFO - [Epoch 3/10] [Batch 576/1258] [D loss: -0.888973] [G loss: -0.015448]
INFO - [Epoch 3/10] [Batch 581/1258] [D loss: -0.953765] [G loss: -0.022974]
INFO - generated sample images saved to disk
INFO - [Epoch 3/10] [Batch 586/1258] [D loss: -0.964687] [G loss: -0.009420]
INFO - [Epoch 3/10] [Batch 591/1258] [D loss: -0.901759] [G loss: -0.011598]
INFO - [Epoch 3/10] [Batch 596/1258] [D loss: -0.616941] [G loss: -0.288961]
INFO - [Epoch 3/10] [Batch 601/1258] [D loss: -0.885232] [G loss: -0.038304]
INFO - [Epoch 3/10] [Batch 606/1258] [D loss: -0.935675] [G loss: -0.019457]
INFO - [Epoch 3/10] [Batch 611/1258] [D loss: -0.279479] [G loss: -0.166028]
INFO - [Epoch 3/10] [Batch 616/1258] [D loss: -0.862341] [G loss: -0.025817]
INFO - [Epoch 3/10] [Batch 621/1258] [D loss: -0.912262] [G loss: -0.028253]
INFO - [Epoch 3/10] [Batch 626/1258] [D loss: -0.381727] [G loss: -0.006306]
INFO - [Epoch 3/10] [Batch 631/1258] [D loss: -0.378344] [G loss: -0.123307]
INFO - [Epoch 3/10] [Batch 636/1258] [D loss: -0.938961] [G loss: -0.016618]
INFO - [Epoch 3/10] [Batch 641/1258] [D loss: -0.937687] [G loss: -0.019677]
INFO - [Epoch 3/10] [Batch 646/1258] [D loss: -0.773637] [G loss: -0.032990]
INFO - [Epoch 3/10] [Batch 651/1258] [D loss: -0.880898] [G loss: -0.033088]
INFO - [Epoch 3/10] [Batch 656/1258] [D loss: -0.260275] [G loss: -0.063762]
INFO - [Epoch 3/10] [Batch 661/1258] [D loss: -0.952029] [G loss: -0.017034]
INFO - [Epoch 3/10] [Batch 666/1258] [D loss: -0.902941] [G loss: -0.026923]
INFO - [Epoch 3/10] [Batch 671/1258] [D loss: 0.190896] [G loss: -0.068945]
INFO - [Epoch 3/10] [Batch 676/1258] [D loss: -0.710228] [G loss: -0.024985]
INFO - [Epoch 3/10] [Batch 681/1258] [D loss: -0.885041] [G loss: -0.051034]
INFO - generated sample images saved to disk
INFO - [Epoch 3/10] [Batch 686/1258] [D loss: -0.914754] [G loss: -0.026242]
INFO - [Epoch 3/10] [Batch 691/1258] [D loss: -0.910433] [G loss: -0.025171]
INFO - [Epoch 3/10] [Batch 696/1258] [D loss: -0.897079] [G loss: -0.034378]
INFO - [Epoch 3/10] [Batch 701/1258] [D loss: -0.960201] [G loss: -0.014258]
INFO - [Epoch 3/10] [Batch 706/1258] [D loss: -0.869120] [G loss: -0.076537]
INFO - [Epoch 3/10] [Batch 711/1258] [D loss: -0.929408] [G loss: -0.021881]
INFO - [Epoch 3/10] [Batch 716/1258] [D loss: -0.889244] [G loss: -0.019682]
INFO - [Epoch 3/10] [Batch 721/1258] [D loss: -0.817962] [G loss: -0.066621]
INFO - [Epoch 3/10] [Batch 726/1258] [D loss: -0.805952] [G loss: -0.234323]
INFO - [Epoch 3/10] [Batch 731/1258] [D loss: -0.906687] [G loss: -0.036729]
INFO - [Epoch 3/10] [Batch 736/1258] [D loss: -0.921535] [G loss: -0.028523]
INFO - [Epoch 3/10] [Batch 741/1258] [D loss: -0.903742] [G loss: -0.038418]
INFO - [Epoch 3/10] [Batch 746/1258] [D loss: -0.768091] [G loss: -0.092262]
INFO - [Epoch 3/10] [Batch 751/1258] [D loss: -0.965812] [G loss: -0.006321]
INFO - [Epoch 3/10] [Batch 756/1258] [D loss: -0.961556] [G loss: -0.007973]
INFO - [Epoch 3/10] [Batch 761/1258] [D loss: -0.840738] [G loss: -0.070238]
INFO - [Epoch 3/10] [Batch 766/1258] [D loss: -0.937882] [G loss: -0.027036]
INFO - [Epoch 3/10] [Batch 771/1258] [D loss: -0.801707] [G loss: -0.101744]
INFO - [Epoch 3/10] [Batch 776/1258] [D loss: -0.924497] [G loss: -0.015180]
INFO - [Epoch 3/10] [Batch 781/1258] [D loss: -0.894742] [G loss: -0.032250]
INFO - generated sample images saved to disk
INFO - [Epoch 3/10] [Batch 786/1258] [D loss: -0.910087] [G loss: -0.021581]
INFO - [Epoch 3/10] [Batch 791/1258] [D loss: -0.934395] [G loss: -0.008915]
INFO - [Epoch 3/10] [Batch 796/1258] [D loss: 0.922919] [G loss: -0.993268]
INFO - [Epoch 3/10] [Batch 801/1258] [D loss: 0.916642] [G loss: -0.990724]
INFO - [Epoch 3/10] [Batch 806/1258] [D loss: 0.904955] [G loss: -0.987611]
INFO - [Epoch 3/10] [Batch 811/1258] [D loss: 0.910351] [G loss: -0.986535]
INFO - [Epoch 3/10] [Batch 816/1258] [D loss: 0.045053] [G loss: -0.774481]
INFO - [Epoch 3/10] [Batch 821/1258] [D loss: -0.780970] [G loss: -0.006784]
INFO - [Epoch 3/10] [Batch 826/1258] [D loss: -0.886506] [G loss: -0.007594]
INFO - [Epoch 3/10] [Batch 831/1258] [D loss: -0.847034] [G loss: -0.015267]
INFO - [Epoch 3/10] [Batch 836/1258] [D loss: -0.908378] [G loss: -0.015676]
INFO - [Epoch 3/10] [Batch 841/1258] [D loss: -0.896851] [G loss: -0.024067]
INFO - [Epoch 3/10] [Batch 846/1258] [D loss: -0.877333] [G loss: -0.037336]
INFO - [Epoch 3/10] [Batch 851/1258] [D loss: -0.936657] [G loss: -0.010445]
INFO - [Epoch 3/10] [Batch 856/1258] [D loss: -0.939965] [G loss: -0.017978]
INFO - [Epoch 3/10] [Batch 861/1258] [D loss: -0.862805] [G loss: -0.036055]
INFO - [Epoch 3/10] [Batch 866/1258] [D loss: -0.943370] [G loss: -0.018740]
INFO - [Epoch 3/10] [Batch 871/1258] [D loss: -0.891227] [G loss: -0.024109]
INFO - [Epoch 3/10] [Batch 876/1258] [D loss: -0.931274] [G loss: -0.016684]
INFO - [Epoch 3/10] [Batch 881/1258] [D loss: 38.062054] [G loss: -0.990467]
INFO - generated sample images saved to disk
INFO - [Epoch 3/10] [Batch 886/1258] [D loss: 0.931459] [G loss: -0.991369]
INFO - [Epoch 3/10] [Batch 891/1258] [D loss: 0.944453] [G loss: -0.991721]
INFO - [Epoch 3/10] [Batch 896/1258] [D loss: 0.936529] [G loss: -0.992728]
INFO - [Epoch 3/10] [Batch 901/1258] [D loss: 0.932032] [G loss: -0.993222]
INFO - [Epoch 3/10] [Batch 906/1258] [D loss: 0.910395] [G loss: -0.991094]
INFO - [Epoch 3/10] [Batch 911/1258] [D loss: 0.939073] [G loss: -0.989833]
INFO - [Epoch 3/10] [Batch 916/1258] [D loss: 0.806121] [G loss: -0.983229]
INFO - [Epoch 3/10] [Batch 921/1258] [D loss: 0.619902] [G loss: -0.960453]
INFO - [Epoch 3/10] [Batch 926/1258] [D loss: -0.156431] [G loss: -0.683887]
INFO - [Epoch 3/10] [Batch 931/1258] [D loss: -0.563458] [G loss: -0.084849]
INFO - [Epoch 3/10] [Batch 936/1258] [D loss: -0.503277] [G loss: -0.229448]
INFO - [Epoch 3/10] [Batch 941/1258] [D loss: -0.498894] [G loss: -0.349437]
INFO - [Epoch 3/10] [Batch 946/1258] [D loss: -0.435448] [G loss: -0.268085]
INFO - [Epoch 3/10] [Batch 951/1258] [D loss: -0.583047] [G loss: -0.278503]
INFO - [Epoch 3/10] [Batch 956/1258] [D loss: -0.622314] [G loss: -0.229701]
INFO - [Epoch 3/10] [Batch 961/1258] [D loss: -0.771501] [G loss: -0.083651]
INFO - [Epoch 3/10] [Batch 966/1258] [D loss: -0.728074] [G loss: -0.059191]
INFO - [Epoch 3/10] [Batch 971/1258] [D loss: -0.679554] [G loss: -0.046198]
INFO - [Epoch 3/10] [Batch 976/1258] [D loss: -0.841064] [G loss: -0.105766]
INFO - [Epoch 3/10] [Batch 981/1258] [D loss: -0.618807] [G loss: -0.038928]
INFO - generated sample images saved to disk
INFO - [Epoch 3/10] [Batch 986/1258] [D loss: -0.868422] [G loss: -0.204870]
INFO - [Epoch 3/10] [Batch 991/1258] [D loss: -0.929361] [G loss: -0.021751]
INFO - [Epoch 3/10] [Batch 996/1258] [D loss: -0.710002] [G loss: -0.148931]
INFO - [Epoch 3/10] [Batch 1001/1258] [D loss: -0.946137] [G loss: -0.017660]
INFO - [Epoch 3/10] [Batch 1006/1258] [D loss: -0.954766] [G loss: -0.017948]
INFO - [Epoch 3/10] [Batch 1011/1258] [D loss: -0.968509] [G loss: -0.011962]
INFO - [Epoch 3/10] [Batch 1016/1258] [D loss: -0.943958] [G loss: -0.017940]
INFO - [Epoch 3/10] [Batch 1021/1258] [D loss: -0.969487] [G loss: -0.009815]
INFO - [Epoch 3/10] [Batch 1026/1258] [D loss: -0.965688] [G loss: -0.013183]
INFO - [Epoch 3/10] [Batch 1031/1258] [D loss: -0.953621] [G loss: -0.047634]
INFO - [Epoch 3/10] [Batch 1036/1258] [D loss: -0.958726] [G loss: -0.013744]
INFO - [Epoch 3/10] [Batch 1041/1258] [D loss: -0.963262] [G loss: -0.014355]
INFO - [Epoch 3/10] [Batch 1046/1258] [D loss: -0.964219] [G loss: -0.011826]
INFO - [Epoch 3/10] [Batch 1051/1258] [D loss: -0.956432] [G loss: -0.009152]
INFO - [Epoch 3/10] [Batch 1056/1258] [D loss: -0.783768] [G loss: -0.024038]
INFO - [Epoch 3/10] [Batch 1061/1258] [D loss: -0.244352] [G loss: -0.137234]
INFO - [Epoch 3/10] [Batch 1066/1258] [D loss: -0.959620] [G loss: -0.008883]
INFO - [Epoch 3/10] [Batch 1071/1258] [D loss: -0.937351] [G loss: -0.009152]
INFO - [Epoch 3/10] [Batch 1076/1258] [D loss: -0.945284] [G loss: -0.016233]
INFO - [Epoch 3/10] [Batch 1081/1258] [D loss: -0.398627] [G loss: -0.031960]
INFO - generated sample images saved to disk
INFO - [Epoch 3/10] [Batch 1086/1258] [D loss: -0.347530] [G loss: -0.056246]
INFO - [Epoch 3/10] [Batch 1091/1258] [D loss: -0.881303] [G loss: -0.018878]
INFO - [Epoch 3/10] [Batch 1096/1258] [D loss: -0.855064] [G loss: -0.029716]
INFO - [Epoch 3/10] [Batch 1101/1258] [D loss: -0.901884] [G loss: -0.022162]
INFO - [Epoch 3/10] [Batch 1106/1258] [D loss: -0.612760] [G loss: -0.162595]
INFO - [Epoch 3/10] [Batch 1111/1258] [D loss: -0.947409] [G loss: -0.011614]
INFO - [Epoch 3/10] [Batch 1116/1258] [D loss: -0.973367] [G loss: -0.006417]
INFO - [Epoch 3/10] [Batch 1121/1258] [D loss: -0.929252] [G loss: -0.026818]
INFO - [Epoch 3/10] [Batch 1126/1258] [D loss: -0.965313] [G loss: -0.008123]
INFO - [Epoch 3/10] [Batch 1131/1258] [D loss: -0.967849] [G loss: -0.008184]
INFO - [Epoch 3/10] [Batch 1136/1258] [D loss: -0.903676] [G loss: -0.009306]
INFO - [Epoch 3/10] [Batch 1141/1258] [D loss: -0.941111] [G loss: -0.004273]
INFO - [Epoch 3/10] [Batch 1146/1258] [D loss: -0.953929] [G loss: -0.022023]
INFO - [Epoch 3/10] [Batch 1151/1258] [D loss: -0.951690] [G loss: -0.013950]
INFO - [Epoch 3/10] [Batch 1156/1258] [D loss: -0.955922] [G loss: -0.019906]
INFO - [Epoch 3/10] [Batch 1161/1258] [D loss: -0.946856] [G loss: -0.047982]
INFO - [Epoch 3/10] [Batch 1166/1258] [D loss: -0.958227] [G loss: -0.013994]
INFO - [Epoch 3/10] [Batch 1171/1258] [D loss: -0.160245] [G loss: -0.006490]
INFO - [Epoch 3/10] [Batch 1176/1258] [D loss: -0.174874] [G loss: -0.007765]
INFO - [Epoch 3/10] [Batch 1181/1258] [D loss: -0.230535] [G loss: -0.043230]
INFO - generated sample images saved to disk
INFO - [Epoch 3/10] [Batch 1186/1258] [D loss: -0.294874] [G loss: -0.007279]
INFO - [Epoch 3/10] [Batch 1191/1258] [D loss: -0.338359] [G loss: -0.013768]
INFO - [Epoch 3/10] [Batch 1196/1258] [D loss: -0.624729] [G loss: -0.078114]
INFO - [Epoch 3/10] [Batch 1201/1258] [D loss: -0.574422] [G loss: -0.016315]
INFO - [Epoch 3/10] [Batch 1206/1258] [D loss: -0.877887] [G loss: -0.028646]
INFO - [Epoch 3/10] [Batch 1211/1258] [D loss: -0.746188] [G loss: -0.128898]
INFO - [Epoch 3/10] [Batch 1216/1258] [D loss: -0.951321] [G loss: -0.007501]
INFO - [Epoch 3/10] [Batch 1221/1258] [D loss: -0.937832] [G loss: -0.013860]
INFO - [Epoch 3/10] [Batch 1226/1258] [D loss: -0.932270] [G loss: -0.015345]
INFO - [Epoch 3/10] [Batch 1231/1258] [D loss: -0.922500] [G loss: -0.018137]
INFO - [Epoch 3/10] [Batch 1236/1258] [D loss: -0.906952] [G loss: -0.030360]
INFO - [Epoch 3/10] [Batch 1241/1258] [D loss: -0.937497] [G loss: -0.021559]
INFO - [Epoch 3/10] [Batch 1246/1258] [D loss: -0.933763] [G loss: -0.016786]
INFO - [Epoch 3/10] [Batch 1251/1258] [D loss: -0.887508] [G loss: -0.028906]
INFO - [Epoch 3/10] [Batch 1256/1258] [D loss: -0.922325] [G loss: -0.020971]
INFO - # ---- Epoch 4/10 ---- #
INFO - [Epoch 4/10] [Batch 1/1258] [D loss: -0.930297] [G loss: -0.020928]
INFO - [Epoch 4/10] [Batch 6/1258] [D loss: -0.895579] [G loss: -0.036000]
INFO - [Epoch 4/10] [Batch 11/1258] [D loss: -0.936150] [G loss: -0.014494]
INFO - [Epoch 4/10] [Batch 16/1258] [D loss: -0.963373] [G loss: -0.011679]
INFO - [Epoch 4/10] [Batch 21/1258] [D loss: -0.937977] [G loss: -0.022202]
INFO - generated sample images saved to disk
INFO - [Epoch 4/10] [Batch 26/1258] [D loss: -0.824232] [G loss: -0.013550]
INFO - [Epoch 4/10] [Batch 31/1258] [D loss: -0.715436] [G loss: -0.068283]
INFO - [Epoch 4/10] [Batch 36/1258] [D loss: -0.949698] [G loss: -0.006876]
INFO - [Epoch 4/10] [Batch 41/1258] [D loss: -0.947235] [G loss: -0.013325]
INFO - [Epoch 4/10] [Batch 46/1258] [D loss: -0.944688] [G loss: -0.013450]
INFO - [Epoch 4/10] [Batch 51/1258] [D loss: -0.854664] [G loss: -0.077511]
INFO - [Epoch 4/10] [Batch 56/1258] [D loss: -0.967633] [G loss: -0.012444]
INFO - [Epoch 4/10] [Batch 61/1258] [D loss: -0.952950] [G loss: -0.015104]
INFO - [Epoch 4/10] [Batch 66/1258] [D loss: -0.905665] [G loss: -0.025250]
INFO - [Epoch 4/10] [Batch 71/1258] [D loss: -0.954643] [G loss: -0.015035]
INFO - [Epoch 4/10] [Batch 76/1258] [D loss: -0.634800] [G loss: -0.059019]
INFO - [Epoch 4/10] [Batch 81/1258] [D loss: -0.923270] [G loss: -0.013278]
INFO - [Epoch 4/10] [Batch 86/1258] [D loss: -0.952095] [G loss: -0.015208]
INFO - [Epoch 4/10] [Batch 91/1258] [D loss: -0.835653] [G loss: -0.035895]
INFO - [Epoch 4/10] [Batch 96/1258] [D loss: -0.952628] [G loss: -0.015152]
INFO - [Epoch 4/10] [Batch 101/1258] [D loss: -0.094164] [G loss: -0.014058]
INFO - [Epoch 4/10] [Batch 106/1258] [D loss: -0.938556] [G loss: -0.018039]
INFO - [Epoch 4/10] [Batch 111/1258] [D loss: -0.955476] [G loss: -0.009741]
INFO - [Epoch 4/10] [Batch 116/1258] [D loss: -0.939482] [G loss: -0.022265]
INFO - [Epoch 4/10] [Batch 121/1258] [D loss: -0.959022] [G loss: -0.011582]
INFO - generated sample images saved to disk
INFO - [Epoch 4/10] [Batch 126/1258] [D loss: -0.945282] [G loss: -0.020001]
INFO - [Epoch 4/10] [Batch 131/1258] [D loss: -0.955364] [G loss: -0.012810]
INFO - [Epoch 4/10] [Batch 136/1258] [D loss: -0.828246] [G loss: -0.065596]
INFO - [Epoch 4/10] [Batch 141/1258] [D loss: -0.970093] [G loss: -0.007481]
INFO - [Epoch 4/10] [Batch 146/1258] [D loss: -0.965908] [G loss: -0.011038]
INFO - [Epoch 4/10] [Batch 151/1258] [D loss: -0.918835] [G loss: -0.052002]
INFO - [Epoch 4/10] [Batch 156/1258] [D loss: -0.932108] [G loss: -0.013335]
INFO - [Epoch 4/10] [Batch 161/1258] [D loss: -0.833794] [G loss: -0.119242]
INFO - [Epoch 4/10] [Batch 166/1258] [D loss: -0.970330] [G loss: -0.008243]
